
# This script compares the contents of the filesystem to the database and reports and
# reports any missing files that have db recs, or files with missing db recs.

getting FILES array:
Reading file info from /DWH/MP3.car32/ 

.......... .......... .......... .......... .......... .......... .......... .......... .......... .......... 1000
.......... .......... .......... .......... .......... .......... .......... .......... .......... .......... 2000
.......... .......... .......... .......... .......... .......... .......... .......... .......... .........

FILES array complete. [2993][2953]

getting DB array:
.......... .......... .......... .......... .......... .......... .......... .......... .......... .......... 1000
.......... .......... .......... .......... .......... .......... .......... .......... .......... .......... 2000
.......... .......... .......... .......... .......... .......... .......... .......... .......... ..DB array complete. [2928][2928

Comparing 2953 FILES to 2928 DBRECS:
================================================
ERROR: File /DWH/MP3.car32/Rock/Pull Me Under.mp3 has no DB rec..
================================================
================================================
ERROR: File /DWH/MP3.car32/Rock/Revelation Theory - Slowburn.mp3 has no DB rec..
================================================
================================================
ERROR: File /DWH/MP3.car32/Rock/06 Only a Memory.mp3 has no DB rec..
================================================
================================================
ERROR: File /DWH/MP3.car32/Rock/08 Drown in My Own Tears.mp3 has no DB rec..
================================================
================================================
ERROR: File /DWH/MP3.car32/Rock/02 Ode.mp3 has no DB rec..
================================================
================================================
ERROR: File /DWH/MP3.car32/Rock/09 A Girl Like You.mp3 has no DB rec..
================================================
================================================
ERROR: File /DWH/MP3.car32/Rock/01 Torn.mp3 has no DB rec..
================================================
================================================
ERROR: File /DWH/MP3.car32/Rock/Rev Theory - Slowburn [Acoustic Version].mp3 has no DB rec..
================================================
================================================
ERROR: File /DWH/MP3.car32/Rock/03 My Own Prison.mp3 has no DB rec..
================================================
================================================
ERROR: File /DWH/MP3.car32/Rock/10 One.mp3 has no DB rec..
================================================
================================================
ERROR: File /DWH/MP3.car32/New/08 Sister.mp3 has no DB rec..
================================================
================================================
ERROR: File /DWH/MP3.car32/New/06 Illusion.mp3 has no DB rec..
================================================
================================================
ERROR: File /DWH/MP3.car32/New/Revelation Theory - Slowburn.mp3 has no DB rec..
================================================
================================================
ERROR: File /DWH/MP3.car32/New/09 What's This Life For.mp3 has no DB rec..
================================================
================================================
ERROR: File /DWH/MP3.car32/New/04 Pity For A Dime.mp3 has no DB rec..
================================================
================================================
ERROR: File /DWH/MP3.car32/New/06 Only a Memory.mp3 has no DB rec..
================================================
================================================
ERROR: File /DWH/MP3.car32/New/08 Drown in My Own Tears.mp3 has no DB rec..
================================================
================================================
ERROR: File /DWH/MP3.car32/New/02 Ode.mp3 has no DB rec..
================================================
================================================
ERROR: File /DWH/MP3.car32/New/05 In America.mp3 has no DB rec..
================================================
================================================
ERROR: File /DWH/MP3.car32/New/09 A Girl Like You.mp3 has no DB rec..
================================================
================================================
ERROR: File /DWH/MP3.car32/New/01 Torn.mp3 has no DB rec..
================================================
================================================
ERROR: File /DWH/MP3.car32/New/Rev Theory - Slowburn [Acoustic Version].mp3 has no DB rec..
================================================
================================================
ERROR: File /DWH/MP3.car32/New/03 My Own Prison.mp3 has no DB rec..
================================================
================================================
ERROR: File /DWH/MP3.car32/New/10 One.mp3 has no DB rec..
================================================
================================================
ERROR: File /DWH/MP3.car32/New/07 Unforgiven.mp3 has no DB rec..
================================================
Found 25 errors checking files against db..

Comparing 2928 DBRECS to 2953 FILES:
Found 0 errors..

PHP Notice:  Undefined variable: allfiles in /DWH/CODE/mp3db/mp3db.backend/full.audit.php on line 140
COMPLETE - 0 files read!
