ERROR: File /DWH/MP3.dlist/AC_DC/BonFire - CD 3 - Let There Be Rock - The/04 High Voltage.mp3 dbrec mismatch:
ERROR: File /DWH/MP3.dlist/AC_DC/BonFire - CD 3 - Let There Be Rock - The/02 Highway To Hell.mp3 dbrec mismatch:
ERROR: File /DWH/MP3.dlist/AC_DC/BonFire - CD 3 - Let There Be Rock - The/07 T.N.T..mp3 dbrec mismatch:
ERROR: File /DWH/MP3.dlist/AC_DC/BonFire - CD 3 - Let There Be Rock - The/03 Girls Got Rhythm.mp3 dbrec mismatch:
ERROR: File /DWH/MP3.dlist/AC_DC/BonFire - CD 3 - Let There Be Rock - The/08 Let There Be Rock.mp3 dbrec mismatch:
ERROR: File /DWH/MP3.dlist/AC_DC/BonFire - CD 3 - Let There Be Rock - The/06 Rocker.mp3 dbrec mismatch:
ERROR: File /DWH/MP3.dlist/AC_DC/BonFire - CD 3 - Let There Be Rock - The/05 Whole Lotta Rosie.mp3 dbrec mismatch:
ERROR: File /DWH/MP3.dlist/AC_DC/BonFire - CD 3 - Let There Be Rock - The/01 The Jack.mp3 dbrec mismatch:
ERROR: File /DWH/MP3.dlist/AC_DC/Back In Black/01 Hells Bells.mp3 dbrec mismatch:
ERROR: File /DWH/MP3.dlist/AC_DC/Back In Black/04 Given The Dog A Bone.mp3 dbrec mismatch:
ERROR: File /DWH/MP3.dlist/AC_DC/Back In Black/07 You Shook Me All Night Long.mp3 dbrec mismatch:
ERROR: File /DWH/MP3.dlist/AC_DC/Back In Black/06 Back In Black.mp3 dbrec mismatch:
ERROR: File /DWH/MP3.dlist/AC_DC/Back In Black/05 Let Me Put My Love Into You.mp3 dbrec mismatch:
ERROR: File /DWH/MP3.dlist/AC_DC/Back In Black/03 What Do You Do For Money Honey.mp3 dbrec mismatch:
ERROR: File /DWH/MP3.dlist/AC_DC/Back In Black/10 Rock And Roll Ain't Noise Polluti.mp3 dbrec mismatch:
ERROR: File /DWH/MP3.dlist/AC_DC/Back In Black/02 Shoot To Thrill.mp3 dbrec mismatch:
ERROR: File /DWH/MP3.dlist/AC_DC/Back In Black/08 Have A Drink On Me.mp3 dbrec mismatch:
ERROR: File /DWH/MP3.dlist/AC_DC/Back In Black/09 Shake A Leg.mp3 dbrec mismatch:
ERROR: File /DWH/MP3.dlist/AC_DC/Bonfire (Disc1 - Let There Be Rock-The M/05 Walk All Over You.mp3 dbrec mismatch:
ERROR: File /DWH/MP3.dlist/AC_DC/Bonfire (Disc1 - Let There Be Rock-The M/02 Shot Down In Flames.mp3 dbrec mismatch:
ERROR: File /DWH/MP3.dlist/AC_DC/Bonfire (Disc1 - Let There Be Rock-The M/01 Live Wire.mp3 dbrec mismatch:
ERROR: File /DWH/MP3.dlist/AC_DC/Bonfire (Disc1 - Let There Be Rock-The M/06 Bad Boy Boogie.mp3 dbrec mismatch:
ERROR: File /DWH/MP3.dlist/AC_DC/Bonfire (Disc1 - Let There Be Rock-The M/04 Sin City.mp3 dbrec mismatch:
ERROR: File /DWH/MP3.dlist/AC_DC/Bonfire (Disc1 - Let There Be Rock-The M/03 Hell Ain't A Bad Place To Be.mp3 dbrec mismatch:
ERROR: File /DWH/MP3.dlist/AC_DC/The Razors Edge/03 Moneytalks.mp3 dbrec mismatch:
ERROR: File /DWH/MP3.dlist/AC_DC/The Razors Edge/10 Lets Make It.mp3 dbrec mismatch:
ERROR: File /DWH/MP3.dlist/AC_DC/The Razors Edge/06 Rock Your Heart Out.mp3 dbrec mismatch:
ERROR: File /DWH/MP3.dlist/AC_DC/The Razors Edge/08 Got You By The Balls.mp3 dbrec mismatch:
ERROR: File /DWH/MP3.dlist/AC_DC/The Razors Edge/01 Thunderstruck.mp3 dbrec mismatch:
ERROR: File /DWH/MP3.dlist/AC_DC/The Razors Edge/05 Mistress For Christmas.mp3 dbrec mismatch:
ERROR: File /DWH/MP3.dlist/AC_DC/The Razors Edge/11 Goodbye & Good Riddance To Bad Lu.mp3 dbrec mismatch:
ERROR: File /DWH/MP3.dlist/AC_DC/The Razors Edge/02 Fire Your Guns.mp3 dbrec mismatch:
ERROR: File /DWH/MP3.dlist/AC_DC/The Razors Edge/04 The Razors Edge.mp3 dbrec mismatch:
ERROR: File /DWH/MP3.dlist/AC_DC/The Razors Edge/09 Shot Of Love.mp3 dbrec mismatch:
ERROR: File /DWH/MP3.dlist/AC_DC/The Razors Edge/12 If You Dare.mp3 dbrec mismatch:
ERROR: File /DWH/MP3.dlist/AC_DC/The Razors Edge/07 Are You Ready.mp3 dbrec mismatch:
ERROR: File /DWH/MP3.dlist/AC_DC/DC _ T.N.T_/07 Can I Sit Next To You Girl.mp3 dbrec mismatch:
ERROR: File /DWH/MP3.dlist/AC_DC/DC _ T.N.T_/08 High Voltage.mp3 dbrec mismatch:
ERROR: File /DWH/MP3.dlist/AC_DC/DC _ T.N.T_/09 School Days.mp3 dbrec mismatch:
ERROR: File /DWH/MP3.dlist/AC_DC/DC _ T.N.T_/04 Live Wire.mp3 dbrec mismatch:
ERROR: File /DWH/MP3.dlist/AC_DC/DC _ T.N.T_/02 Rock 'N' Roll Singer.mp3 dbrec mismatch:
ERROR: File /DWH/MP3.dlist/AC_DC/DC _ T.N.T_/06 Rocker.mp3 dbrec mismatch:
ERROR: File /DWH/MP3.dlist/AC_DC/DC _ T.N.T_/03 The Jack.mp3 dbrec mismatch:
ERROR: File /DWH/MP3.dlist/AC_DC/DC _ T.N.T_/01 It's A Long Way To The Top (If Yo.mp3 dbrec mismatch:
ERROR: File /DWH/MP3.dlist/AC_DC/DC _ T.N.T_/05 T.N.T..mp3 dbrec mismatch:
ERROR: File /DWH/MP3.dlist/AC_DC/DC _ Who Made Who/09 For Those About To Rock (We Salut.mp3 dbrec mismatch:
ERROR: File /DWH/MP3.dlist/AC_DC/DC _ Who Made Who/08 Chase The Ace.mp3 dbrec mismatch:
ERROR: File /DWH/MP3.dlist/AC_DC/DC _ Who Made Who/02 You Shook Me All Night Long.mp3 dbrec mismatch:
ERROR: File /DWH/MP3.dlist/AC_DC/DC _ Who Made Who/06 Hells Bells.mp3 dbrec mismatch:
ERROR: File /DWH/MP3.dlist/AC_DC/DC _ Who Made Who/04 Sink The Pink.mp3 dbrec mismatch:
ERROR: File /DWH/MP3.dlist/AC_DC/DC _ Who Made Who/07 Shake Your Foundations.mp3 dbrec mismatch:
ERROR: File /DWH/MP3.dlist/AC_DC/DC _ Who Made Who/03 D.T..mp3 dbrec mismatch:
ERROR: File /DWH/MP3.dlist/AC_DC/DC _ Who Made Who/01 Who Made Who.mp3 dbrec mismatch:
ERROR: File /DWH/MP3.dlist/AC_DC/DC _ Who Made Who/05 Ride On.mp3 dbrec mismatch:
ERROR: File /DWH/MP3.dlist/AC_DC/Bon, Please Don't Go/07 Soul Stripper.mp3 dbrec mismatch:
ERROR: File /DWH/MP3.dlist/AC_DC/Bon, Please Don't Go/04 Bad Boy Boogie.mp3 dbrec mismatch:
ERROR: File /DWH/MP3.dlist/AC_DC/Bon, Please Don't Go/06 It's A Long Way To The Top (If Ya.mp3 dbrec mismatch:
ERROR: File /DWH/MP3.dlist/AC_DC/Bon, Please Don't Go/02 Problem Child.mp3 dbrec mismatch:
ERROR: File /DWH/MP3.dlist/AC_DC/Bon, Please Don't Go/01 Live Wire.mp3 dbrec mismatch:
ERROR: File /DWH/MP3.dlist/AC_DC/Bon, Please Don't Go/08 Baby Please Don't Go.mp3 dbrec mismatch:
ERROR: File /DWH/MP3.dlist/AC_DC/Bon, Please Don't Go/05 Rock And Roll Damnation.mp3 dbrec mismatch:
ERROR: File /DWH/MP3.dlist/AC_DC/Bon, Please Don't Go/03 Gone Shootin'.mp3 dbrec mismatch:
ERROR: File /DWH/MP3.dlist/AC_DC/High Voltage/07 Little Lover.mp3 dbrec mismatch:
ERROR: File /DWH/MP3.dlist/AC_DC/High Voltage/06 Can I Sit Next To You Girl.mp3 dbrec mismatch:
ERROR: File /DWH/MP3.dlist/AC_DC/High Voltage/08 She's Got Balls.mp3 dbrec mismatch:
ERROR: File /DWH/MP3.dlist/AC_DC/High Voltage/04 Live Wire.mp3 dbrec mismatch:
ERROR: File /DWH/MP3.dlist/AC_DC/High Voltage/02 Rock 'N' Roll Singer.mp3 dbrec mismatch:
ERROR: File /DWH/MP3.dlist/AC_DC/High Voltage/03 The Jack.mp3 dbrec mismatch:
ERROR: File /DWH/MP3.dlist/AC_DC/High Voltage/09 High Voltage.mp3 dbrec mismatch:
ERROR: File /DWH/MP3.dlist/AC_DC/High Voltage/01 It's A Long Way To The Top (If Yo.mp3 dbrec mismatch:
ERROR: File /DWH/MP3.dlist/AC_DC/High Voltage/05 T.N.T..mp3 dbrec mismatch:
ERROR: File /DWH/MP3.dlist/AC_DC/Stiff Upper Lip/12 Give It Up.mp3 dbrec mismatch:
ERROR: File /DWH/MP3.dlist/AC_DC/Stiff Upper Lip/11 All Screwed Up.mp3 dbrec mismatch:
ERROR: File /DWH/MP3.dlist/AC_DC/Stiff Upper Lip/10 Come And Get It.mp3 dbrec mismatch:
ERROR: File /DWH/MP3.dlist/AC_DC/Stiff Upper Lip/05 Safe In New York City.mp3 dbrec mismatch:
ERROR: File /DWH/MP3.dlist/AC_DC/Stiff Upper Lip/02 Meltdown.mp3 dbrec mismatch:
ERROR: File /DWH/MP3.dlist/AC_DC/Stiff Upper Lip/04 Hold Me Back.mp3 dbrec mismatch:
ERROR: File /DWH/MP3.dlist/AC_DC/Stiff Upper Lip/08 Satellite Blues.mp3 dbrec mismatch:
ERROR: File /DWH/MP3.dlist/AC_DC/Stiff Upper Lip/01 Stiff Upper Lip.mp3 dbrec mismatch:
ERROR: File /DWH/MP3.dlist/AC_DC/Stiff Upper Lip/09 Damned.mp3 dbrec mismatch:
ERROR: File /DWH/MP3.dlist/AC_DC/Stiff Upper Lip/03 House Of Jazz.mp3 dbrec mismatch:
ERROR: File /DWH/MP3.dlist/AC_DC/Stiff Upper Lip/06 Can't Stand Still.mp3 dbrec mismatch:
ERROR: File /DWH/MP3.dlist/AC_DC/Stiff Upper Lip/07 Can't Stop Rock 'N' Roll.mp3 dbrec mismatch:
ERROR: File /DWH/MP3.dlist/AC_DC/Highway To Hell/04 Touch Too Much.mp3 dbrec mismatch:
ERROR: File /DWH/MP3.dlist/AC_DC/Highway To Hell/05 Beating Around The Bush.mp3 dbrec mismatch:
ERROR: File /DWH/MP3.dlist/AC_DC/Highway To Hell/10 Night Prowler.mp3 dbrec mismatch:
ERROR: File /DWH/MP3.dlist/AC_DC/Highway To Hell/06 Shot Down In Flames.mp3 dbrec mismatch:
ERROR: File /DWH/MP3.dlist/AC_DC/Highway To Hell/02 Girls Got Rhythm.mp3 dbrec mismatch:
ERROR: File /DWH/MP3.dlist/AC_DC/Highway To Hell/07 Get It Hot.mp3 dbrec mismatch:
ERROR: File /DWH/MP3.dlist/AC_DC/Highway To Hell/03 Walk All Over You.mp3 dbrec mismatch:
ERROR: File /DWH/MP3.dlist/AC_DC/Highway To Hell/08 If You Want Blood (You've Got It).mp3 dbrec mismatch:
ERROR: File /DWH/MP3.dlist/AC_DC/Highway To Hell/01 Highway To Hell.mp3 dbrec mismatch:
ERROR: File /DWH/MP3.dlist/AC_DC/Highway To Hell/09 Love Hungry Man.mp3 dbrec mismatch:
ERROR: File /DWH/MP3.dlist/AC_DC/Volts/06 Sin City.mp3 dbrec mismatch:
ERROR: File /DWH/MP3.dlist/AC_DC/Volts/04 Back Seat Confidential.mp3 dbrec mismatch:
ERROR: File /DWH/MP3.dlist/AC_DC/Volts/08 School Days.mp3 dbrec mismatch:
ERROR: File /DWH/MP3.dlist/AC_DC/Volts/09 It's A Long Way To The Top If You.mp3 dbrec mismatch:
ERROR: File /DWH/MP3.dlist/AC_DC/Volts/03 If You Want Blood You Got It.mp3 dbrec mismatch:
ERROR: File /DWH/MP3.dlist/AC_DC/Volts/01 Dirty Eyes.mp3 dbrec mismatch:
ERROR: File /DWH/MP3.dlist/AC_DC/Volts/10 Ride On.mp3 dbrec mismatch:
ERROR: File /DWH/MP3.dlist/AC_DC/Volts/07 She's Got Balls.mp3 dbrec mismatch:
ERROR: File /DWH/MP3.dlist/AC_DC/Volts/02 Touch Too Much.mp3 dbrec mismatch:
ERROR: File /DWH/MP3.dlist/AC_DC/Volts/05 Get It Hot.mp3 dbrec mismatch:
ERROR: File /DWH/MP3.dlist/AC_DC/If You Want Blood You've Got It/01 Riff Raff.mp3 dbrec mismatch:
ERROR: File /DWH/MP3.dlist/AC_DC/If You Want Blood You've Got It/05 Problem Child.mp3 dbrec mismatch:
ERROR: File /DWH/MP3.dlist/AC_DC/If You Want Blood You've Got It/09 Let There Be Rock.mp3 dbrec mismatch:
ERROR: File /DWH/MP3.dlist/AC_DC/If You Want Blood You've Got It/08 High Voltage.mp3 dbrec mismatch:
ERROR: File /DWH/MP3.dlist/AC_DC/If You Want Blood You've Got It/06 Whole Lotta Rosie.mp3 dbrec mismatch:
ERROR: File /DWH/MP3.dlist/AC_DC/If You Want Blood You've Got It/04 The Jack.mp3 dbrec mismatch:
ERROR: File /DWH/MP3.dlist/AC_DC/If You Want Blood You've Got It/10 Rocker.mp3 dbrec mismatch:
ERROR: File /DWH/MP3.dlist/AC_DC/If You Want Blood You've Got It/03 Bad Boy Boogie.mp3 dbrec mismatch:
ERROR: File /DWH/MP3.dlist/AC_DC/If You Want Blood You've Got It/02 Hell Ain't A Bad Place To Be.mp3 dbrec mismatch:
ERROR: File /DWH/MP3.dlist/AC_DC/If You Want Blood You've Got It/07 Rock 'n' Roll Damnation.mp3 dbrec mismatch:
ERROR: File /DWH/MP3.dlist/AC_DC/Let There Be Rock/05 Problem Child.mp3 dbrec mismatch:
ERROR: File /DWH/MP3.dlist/AC_DC/Let There Be Rock/06 Overdose.mp3 dbrec mismatch:
ERROR: File /DWH/MP3.dlist/AC_DC/Let There Be Rock/04 Bad Boy Boogie.mp3 dbrec mismatch:
ERROR: File /DWH/MP3.dlist/AC_DC/Let There Be Rock/08 Whole Lotta Rosie.mp3 dbrec mismatch:
ERROR: File /DWH/MP3.dlist/AC_DC/Let There Be Rock/02 Dog Eat Dog.mp3 dbrec mismatch:
ERROR: File /DWH/MP3.dlist/AC_DC/Let There Be Rock/03 Let There Be Rock.mp3 dbrec mismatch:
ERROR: File /DWH/MP3.dlist/AC_DC/Let There Be Rock/01 Go Down.mp3 dbrec mismatch:
ERROR: File /DWH/MP3.dlist/AC_DC/Let There Be Rock/07 Hell Ain't Bad Place To Be.mp3 dbrec mismatch:
ERROR: File /DWH/MP3.dlist/Wu Tang Clan/The W/01 Intro (Shaolin Finger Jab) + C.mp3 has no DB rec..
ERROR: File /DWH/MP3.dlist/The Crystal Method/Community service 2/09 Koma + Bones-Speedfreak.mp3 has no DB rec..
ERROR: File /DWH/MP3/r/Radiohead/The Best Of/1-13 2+2 = 5.mp3 has no DB rec..
ERROR: File /DWH/MP3/r/Radiohead/Hail to the Thief/01 2+2=5.mp3 has no DB rec..
ERROR: File /DWH/MP3/r/Recoil/Hydrology And 1 + 2/02 Stone.mp3 has no DB rec..
ERROR: File /DWH/MP3/r/Recoil/Hydrology And 1 + 2/05 2.mp3 has no DB rec..
ERROR: File /DWH/MP3/r/Recoil/Hydrology And 1 + 2/03 The Sermon.mp3 has no DB rec..
ERROR: File /DWH/MP3/r/Recoil/Hydrology And 1 + 2/04 1.mp3 has no DB rec..
ERROR: File /DWH/MP3/r/Recoil/Hydrology And 1 + 2/01 Grain.mp3 has no DB rec..
ERROR: File /DWH/MP3/e/Eminem/Eminem (2009) - Relapse-Refill + Bonus/Relapse-Refill/104-Insane.mp3 has no DB rec..
ERROR: File /DWH/MP3/e/Eminem/Eminem (2009) - Relapse-Refill + Bonus/Relapse-Refill/113-Old Time Sake (Feat. Dr. Dre).mp3 has no DB rec..
ERROR: File /DWH/MP3/e/Eminem/Eminem (2009) - Relapse-Refill + Bonus/Relapse-Refill/107-Tonya (Skit).mp3 has no DB rec..
ERROR: File /DWH/MP3/e/Eminem/Eminem (2009) - Relapse-Refill + Bonus/Relapse-Refill/105-Bagpipes From Baghdad.mp3 has no DB rec..
ERROR: File /DWH/MP3/e/Eminem/Eminem (2009) - Relapse-Refill + Bonus/Relapse-Refill/120-Underground-Ken Kaniff.mp3 has no DB rec..
ERROR: File /DWH/MP3/e/Eminem/Eminem (2009) - Relapse-Refill + Bonus/Relapse-Refill/101-Dr. West.mp3 has no DB rec..
ERROR: File /DWH/MP3/e/Eminem/Eminem (2009) - Relapse-Refill + Bonus/Relapse-Refill/115-Mr. Mathers.mp3 has no DB rec..
ERROR: File /DWH/MP3/e/Eminem/Eminem (2009) - Relapse-Refill + Bonus/Relapse-Refill/111-Paul (Skit).mp3 has no DB rec..
ERROR: File /DWH/MP3/e/Eminem/Eminem (2009) - Relapse-Refill + Bonus/Relapse-Refill/112-Stay Wide Awake.mp3 has no DB rec..
ERROR: File /DWH/MP3/e/Eminem/Eminem (2009) - Relapse-Refill + Bonus/Relapse-Refill/106-Hello.mp3 has no DB rec..
ERROR: File /DWH/MP3/e/Eminem/Eminem (2009) - Relapse-Refill + Bonus/Relapse-Refill/108-Same Song & Dance.mp3 has no DB rec..
ERROR: File /DWH/MP3/e/Eminem/Eminem (2009) - Relapse-Refill + Bonus/Relapse-Refill/116-Deja Vu.mp3 has no DB rec..
ERROR: File /DWH/MP3/e/Eminem/Eminem (2009) - Relapse-Refill + Bonus/Relapse-Refill/103-My Mom.mp3 has no DB rec..
ERROR: File /DWH/MP3/e/Eminem/Eminem (2009) - Relapse-Refill + Bonus/Relapse-Refill/114-Must Be The Ganja.mp3 has no DB rec..
ERROR: File /DWH/MP3/e/Eminem/Eminem (2009) - Relapse-Refill + Bonus/Relapse-Refill/109-We Made You.mp3 has no DB rec..
ERROR: File /DWH/MP3/e/Eminem/Eminem (2009) - Relapse-Refill + Bonus/Relapse-Refill/118-Crack A Bottle (Feat. Dr. Dre & 50 Cent.mp3 has no DB rec..
ERROR: File /DWH/MP3/e/Eminem/Eminem (2009) - Relapse-Refill + Bonus/Relapse-Refill/119-Steve Berman (Skit).mp3 has no DB rec..
ERROR: File /DWH/MP3/e/Eminem/Eminem (2009) - Relapse-Refill + Bonus/Relapse-Refill/102-3am.mp3 has no DB rec..
ERROR: File /DWH/MP3/e/Eminem/Eminem (2009) - Relapse-Refill + Bonus/Relapse-Refill/117-Beautiful.mp3 has no DB rec..
ERROR: File /DWH/MP3/e/Eminem/Eminem (2009) - Relapse-Refill + Bonus/Relapse-Refill/110-Medicine.mp3 has no DB rec..
ERROR: File /DWH/MP3/e/Eminem/Eminem (2009) - Relapse-Refill + Bonus/Bonus/201-My Darling.mp3 has no DB rec..
ERROR: File /DWH/MP3/e/Eminem/Eminem (2009) - Relapse-Refill + Bonus/Bonus/208-Music Box.mp3 has no DB rec..
ERROR: File /DWH/MP3/e/Eminem/Eminem (2009) - Relapse-Refill + Bonus/Bonus/209-Drop The Bomb On Em.mp3 has no DB rec..
ERROR: File /DWH/MP3/e/Eminem/Eminem (2009) - Relapse-Refill + Bonus/Bonus/203-Forever.mp3 has no DB rec..
ERROR: File /DWH/MP3/e/Eminem/Eminem (2009) - Relapse-Refill + Bonus/Bonus/206-Elevator.mp3 has no DB rec..
ERROR: File /DWH/MP3/e/Eminem/Eminem (2009) - Relapse-Refill + Bonus/Bonus/204-Hell Breaks Loose.mp3 has no DB rec..
ERROR: File /DWH/MP3/e/Eminem/Eminem (2009) - Relapse-Refill + Bonus/Bonus/202-Careful What You Wish For.mp3 has no DB rec..
ERROR: File /DWH/MP3/e/Eminem/Eminem (2009) - Relapse-Refill + Bonus/Bonus/207-Taking My Ball.mp3 has no DB rec..
ERROR: File /DWH/MP3/e/Eminem/Eminem (2009) - Relapse-Refill + Bonus/Bonus/205-Buffalo Bill.mp3 has no DB rec..
ERROR: File /DWH/MP3/f/Flyleaf/[2002] Broken Wings + Passerby [EP]/03 - Ocean Waves.mp3 has no DB rec..
ERROR: File /DWH/MP3/f/Flyleaf/[2002] Broken Wings + Passerby [EP]/01 - Broken Wings.mp3 has no DB rec..
ERROR: File /DWH/MP3/f/Flyleaf/[2002] Broken Wings + Passerby [EP]/04 - So I Thought.mp3 has no DB rec..
ERROR: File /DWH/MP3/f/Flyleaf/[2002] Broken Wings + Passerby [EP]/02 - Cassie.mp3 has no DB rec..
ERROR: File /DWH/MP3/f/Florence And The Machine/MTV Presents Unplugged- Florence + the Machine (Live)/15 - Shake It Out (The Weeknd Remix).mp3 has no DB rec..
ERROR: File /DWH/MP3/f/Florence And The Machine/MTV Presents Unplugged- Florence + the Machine (Live)/14 - Shake It Out (Acoustic).mp3 has no DB rec..
ERROR: File /DWH/MP3/f/Florence And The Machine/MTV Presents Unplugged- Florence + the Machine (Live)/04 - Breaking Down (Live) [MTV Unplugged, 2012].mp3 has no DB rec..
ERROR: File /DWH/MP3/f/Florence And The Machine/MTV Presents Unplugged- Florence + the Machine (Live)/06 - Try a Little Tenderness (MTV Unplugged, 2012).mp3 has no DB rec..
ERROR: File /DWH/MP3/f/Florence And The Machine/MTV Presents Unplugged- Florence + the Machine (Live)/08 - Jackson (feat. Josh Homme) [Live] [MTV Unplugged, 2012].mp3 has no DB rec..
ERROR: File /DWH/MP3/f/Florence And The Machine/MTV Presents Unplugged- Florence + the Machine (Live)/09 - What the Water Gave Me (Live) [MTV Unplugged, 2012].mp3 has no DB rec..
ERROR: File /DWH/MP3/f/Florence And The Machine/MTV Presents Unplugged- Florence + the Machine (Live)/03 - Cosmic Love (Live) [MTV Unplugged, 2012].mp3 has no DB rec..
ERROR: File /DWH/MP3/f/Florence And The Machine/MTV Presents Unplugged- Florence + the Machine (Live)/02 - Drumming Song (Live) [MTV Unplugged, 2012].mp3 has no DB rec..
ERROR: File /DWH/MP3/f/Florence And The Machine/MTV Presents Unplugged- Florence + the Machine (Live)/01 - Only If for a Night (Live) [MTV Unplugged, 2012].mp3 has no DB rec..
ERROR: File /DWH/MP3/f/Florence And The Machine/MTV Presents Unplugged- Florence + the Machine (Live)/13 - Heartlines (Acoustic).mp3 has no DB rec..
ERROR: File /DWH/MP3/f/Florence And The Machine/MTV Presents Unplugged- Florence + the Machine (Live)/11 - Shake It Out (Live) [MTV Unplugged, 2012].mp3 has no DB rec..
ERROR: File /DWH/MP3/f/Florence And The Machine/MTV Presents Unplugged- Florence + the Machine (Live)/07 - No Light, No Light (Live) [MTV Unplugged, 2012].mp3 has no DB rec..
ERROR: File /DWH/MP3/f/Florence And The Machine/MTV Presents Unplugged- Florence + the Machine (Live)/10 - Dog Days Are Over (Live) [MTV Unplugged, 2012].mp3 has no DB rec..
ERROR: File /DWH/MP3/f/Florence And The Machine/MTV Presents Unplugged- Florence + the Machine (Live)/12 - Landscape (Demo).mp3 has no DB rec..
ERROR: File /DWH/MP3/f/Florence And The Machine/MTV Presents Unplugged- Florence + the Machine (Live)/05 - Never Let Me Go (Live) [MTV Unplugged, 2012].mp3 has no DB rec..
ERROR: File /DWH/MP3/f/From Autumn To Ashes/Abandon Your Friends/Jack + Ginger.mp3 has no DB rec..
ERROR: File /DWH/MP3/c/Christina Perri/Lovestrong [Deluxe Edition]/14 Black + Blue (Bonus Track).mp3 has no DB rec..
ERROR: File /DWH/MP3/c/C + C Music Factory/gonna make you sweat/01 Gonna Make You Sweat (Everybody D.mp3 has no DB rec..
ERROR: File /DWH/MP3/b/blink-182/Cheshire Cat/02 M+M's.mp3 has no DB rec..
ERROR: File /DWH/MP3/b/Black Label Society/Alcohol Fueled Brewtality Live + 5/05 The Beginning... At Last.mp3 has no DB rec..
ERROR: File /DWH/MP3/b/Black Label Society/Alcohol Fueled Brewtality Live + 5/08 Bored to Tears.mp3 has no DB rec..
ERROR: File /DWH/MP3/b/Black Label Society/Alcohol Fueled Brewtality Live + 5/03 Like a Bird.mp3 has no DB rec..
ERROR: File /DWH/MP3/b/Black Label Society/Alcohol Fueled Brewtality Live + 5/11 World of Trouble.mp3 has no DB rec..
ERROR: File /DWH/MP3/b/Black Label Society/Alcohol Fueled Brewtality Live + 5/02 13 Years Of Grief.mp3 has no DB rec..
ERROR: File /DWH/MP3/b/Black Label Society/Alcohol Fueled Brewtality Live + 5/13 The Begining... At Last.mp3 has no DB rec..
ERROR: File /DWH/MP3/b/Black Label Society/Alcohol Fueled Brewtality Live + 5/09 A.N.D.R.O.T.A.Z.mp3 has no DB rec..
ERROR: File /DWH/MP3/b/Black Label Society/Alcohol Fueled Brewtality Live + 5/10 Born to Booze.mp3 has no DB rec..
ERROR: File /DWH/MP3/b/Black Label Society/Alcohol Fueled Brewtality Live + 5/04 Blood in the Wall.mp3 has no DB rec..
ERROR: File /DWH/MP3/b/Black Label Society/Alcohol Fueled Brewtality Live + 5/01 Intro-Low Down.mp3 has no DB rec..
ERROR: File /DWH/MP3/b/Black Label Society/Alcohol Fueled Brewtality Live + 5/01 Heart of Gold.mp3 has no DB rec..
ERROR: File /DWH/MP3/b/Black Label Society/Alcohol Fueled Brewtality Live + 5/05 Super Terrorizer.mp3 has no DB rec..
ERROR: File /DWH/MP3/b/Black Label Society/Alcohol Fueled Brewtality Live + 5/12 No More Tears.mp3 has no DB rec..
ERROR: File /DWH/MP3/b/Black Label Society/Alcohol Fueled Brewtality Live + 5/03 Stronger Than Death.mp3 has no DB rec..
ERROR: File /DWH/MP3/b/Black Label Society/Alcohol Fueled Brewtality Live + 5/06 Phoney Smiles and Fake Hellos.mp3 has no DB rec..
ERROR: File /DWH/MP3/b/Black Label Society/Alcohol Fueled Brewtality Live + 5/04 All For You.mp3 has no DB rec..
ERROR: File /DWH/MP3/b/Black Label Society/Alcohol Fueled Brewtality Live + 5/02 Snowblind.mp3 has no DB rec..
ERROR: File /DWH/MP3/b/Black Label Society/Alcohol Fueled Brewtality Live + 5/07 Lost My Better Half.mp3 has no DB rec..
ERROR: File /DWH/MP3/k/Korn/Take A Look In The Mirror/13 When Will This End + One (Live.mp3 has no DB rec..
ERROR: File /DWH/MP3/s/Smashing Pumpkins/Adore/08 Appels + Oranjes.mp3 has no DB rec..
ERROR: File /DWH/MP3/s/Smashing Pumpkins/MACHINA_The Machines of God/Raindrops + Sunshowers.mp3 has no DB rec..
ERROR: File /DWH/MP3/i/INXS/Listen Like Thieves/05 Good + Bad Times.mp3 has no DB rec..
ERROR: File /DWH/MP3/0-9/30 Seconds to Mars/30 Seconds To Mars - Love Lust Faith + Dreams 2013 Rock 320kbps CBR MP3 [VX]/05 Thirty Seconds to Mars - The Race.mp3 has no DB rec..
ERROR: File /DWH/MP3/0-9/30 Seconds to Mars/30 Seconds To Mars - Love Lust Faith + Dreams 2013 Rock 320kbps CBR MP3 [VX]/10 Thirty Seconds to Mars - Convergence.mp3 has no DB rec..
ERROR: File /DWH/MP3/0-9/30 Seconds to Mars/30 Seconds To Mars - Love Lust Faith + Dreams 2013 Rock 320kbps CBR MP3 [VX]/08 Thirty Seconds to Mars - Bright Lights.mp3 has no DB rec..
ERROR: File /DWH/MP3/0-9/30 Seconds to Mars/30 Seconds To Mars - Love Lust Faith + Dreams 2013 Rock 320kbps CBR MP3 [VX]/11 Thirty Seconds to Mars - Northern Lights.mp3 has no DB rec..
ERROR: File /DWH/MP3/0-9/30 Seconds to Mars/30 Seconds To Mars - Love Lust Faith + Dreams 2013 Rock 320kbps CBR MP3 [VX]/03 Thirty Seconds to Mars - Up In The Air.mp3 has no DB rec..
ERROR: File /DWH/MP3/0-9/30 Seconds to Mars/30 Seconds To Mars - Love Lust Faith + Dreams 2013 Rock 320kbps CBR MP3 [VX]/04 Thirty Seconds to Mars - City of Angels.mp3 has no DB rec..
ERROR: File /DWH/MP3/0-9/30 Seconds to Mars/30 Seconds To Mars - Love Lust Faith + Dreams 2013 Rock 320kbps CBR MP3 [VX]/07 Thirty Seconds to Mars - Pires of Varanasi.mp3 has no DB rec..
ERROR: File /DWH/MP3/0-9/30 Seconds to Mars/30 Seconds To Mars - Love Lust Faith + Dreams 2013 Rock 320kbps CBR MP3 [VX]/12 Thirty Seconds to Mars - Depuis le Début.mp3 has no DB rec..
ERROR: File /DWH/MP3/0-9/30 Seconds to Mars/30 Seconds To Mars - Love Lust Faith + Dreams 2013 Rock 320kbps CBR MP3 [VX]/06 Thirty Seconds to Mars - End of All Days.mp3 has no DB rec..
ERROR: File /DWH/MP3/0-9/30 Seconds to Mars/30 Seconds To Mars - Love Lust Faith + Dreams 2013 Rock 320kbps CBR MP3 [VX]/01 Thirty Seconds to Mars - Birth.mp3 has no DB rec..
ERROR: File /DWH/MP3/0-9/30 Seconds to Mars/30 Seconds To Mars - Love Lust Faith + Dreams 2013 Rock 320kbps CBR MP3 [VX]/02 Thirty Seconds to Mars - Conquistador.mp3 has no DB rec..
ERROR: File /DWH/MP3/0-9/30 Seconds to Mars/30 Seconds To Mars - Love Lust Faith + Dreams 2013 Rock 320kbps CBR MP3 [VX]/09 Thirty Seconds to Mars - Do or Die.mp3 has no DB rec..
ERROR Rec /DWH/MP3.dlist/AC_DC/BonFire - CD 3 - Let There Be Rock - The/04 High Voltage.mp3 file mismatch:
ERROR Rec /DWH/MP3.dlist/AC_DC/BonFire - CD 3 - Let There Be Rock - The/02 Highway To Hell.mp3 file mismatch:
ERROR Rec /DWH/MP3.dlist/AC_DC/BonFire - CD 3 - Let There Be Rock - The/07 T.N.T..mp3 file mismatch:
ERROR Rec /DWH/MP3.dlist/AC_DC/BonFire - CD 3 - Let There Be Rock - The/03 Girls Got Rhythm.mp3 file mismatch:
ERROR Rec /DWH/MP3.dlist/AC_DC/BonFire - CD 3 - Let There Be Rock - The/08 Let There Be Rock.mp3 file mismatch:
ERROR Rec /DWH/MP3.dlist/AC_DC/BonFire - CD 3 - Let There Be Rock - The/06 Rocker.mp3 file mismatch:
ERROR Rec /DWH/MP3.dlist/AC_DC/BonFire - CD 3 - Let There Be Rock - The/05 Whole Lotta Rosie.mp3 file mismatch:
ERROR Rec /DWH/MP3.dlist/AC_DC/BonFire - CD 3 - Let There Be Rock - The/01 The Jack.mp3 file mismatch:
ERROR Rec /DWH/MP3.dlist/AC_DC/Back In Black/01 Hells Bells.mp3 file mismatch:
ERROR Rec /DWH/MP3.dlist/AC_DC/Back In Black/04 Given The Dog A Bone.mp3 file mismatch:
ERROR Rec /DWH/MP3.dlist/AC_DC/Back In Black/07 You Shook Me All Night Long.mp3 file mismatch:
ERROR Rec /DWH/MP3.dlist/AC_DC/Back In Black/06 Back In Black.mp3 file mismatch:
ERROR Rec /DWH/MP3.dlist/AC_DC/Back In Black/05 Let Me Put My Love Into You.mp3 file mismatch:
ERROR Rec /DWH/MP3.dlist/AC_DC/Back In Black/03 What Do You Do For Money Honey.mp3 file mismatch:
ERROR Rec /DWH/MP3.dlist/AC_DC/Back In Black/10 Rock And Roll Ain't Noise Polluti.mp3 file mismatch:
ERROR Rec /DWH/MP3.dlist/AC_DC/Back In Black/02 Shoot To Thrill.mp3 file mismatch:
ERROR Rec /DWH/MP3.dlist/AC_DC/Back In Black/08 Have A Drink On Me.mp3 file mismatch:
ERROR Rec /DWH/MP3.dlist/AC_DC/Back In Black/09 Shake A Leg.mp3 file mismatch:
ERROR Rec /DWH/MP3.dlist/AC_DC/Bonfire (Disc1 - Let There Be Rock-The M/05 Walk All Over You.mp3 file mismatch:
ERROR Rec /DWH/MP3.dlist/AC_DC/Bonfire (Disc1 - Let There Be Rock-The M/02 Shot Down In Flames.mp3 file mismatch:
ERROR Rec /DWH/MP3.dlist/AC_DC/Bonfire (Disc1 - Let There Be Rock-The M/01 Live Wire.mp3 file mismatch:
ERROR Rec /DWH/MP3.dlist/AC_DC/Bonfire (Disc1 - Let There Be Rock-The M/06 Bad Boy Boogie.mp3 file mismatch:
ERROR Rec /DWH/MP3.dlist/AC_DC/Bonfire (Disc1 - Let There Be Rock-The M/04 Sin City.mp3 file mismatch:
ERROR Rec /DWH/MP3.dlist/AC_DC/Bonfire (Disc1 - Let There Be Rock-The M/03 Hell Ain't A Bad Place To Be.mp3 file mismatch:
ERROR Rec /DWH/MP3.dlist/AC_DC/The Razors Edge/03 Moneytalks.mp3 file mismatch:
ERROR Rec /DWH/MP3.dlist/AC_DC/The Razors Edge/10 Lets Make It.mp3 file mismatch:
ERROR Rec /DWH/MP3.dlist/AC_DC/The Razors Edge/06 Rock Your Heart Out.mp3 file mismatch:
ERROR Rec /DWH/MP3.dlist/AC_DC/The Razors Edge/08 Got You By The Balls.mp3 file mismatch:
ERROR Rec /DWH/MP3.dlist/AC_DC/The Razors Edge/01 Thunderstruck.mp3 file mismatch:
ERROR Rec /DWH/MP3.dlist/AC_DC/The Razors Edge/05 Mistress For Christmas.mp3 file mismatch:
ERROR Rec /DWH/MP3.dlist/AC_DC/The Razors Edge/11 Goodbye & Good Riddance To Bad Lu.mp3 file mismatch:
ERROR Rec /DWH/MP3.dlist/AC_DC/The Razors Edge/02 Fire Your Guns.mp3 file mismatch:
ERROR Rec /DWH/MP3.dlist/AC_DC/The Razors Edge/04 The Razors Edge.mp3 file mismatch:
ERROR Rec /DWH/MP3.dlist/AC_DC/The Razors Edge/09 Shot Of Love.mp3 file mismatch:
ERROR Rec /DWH/MP3.dlist/AC_DC/The Razors Edge/12 If You Dare.mp3 file mismatch:
ERROR Rec /DWH/MP3.dlist/AC_DC/The Razors Edge/07 Are You Ready.mp3 file mismatch:
ERROR Rec /DWH/MP3.dlist/AC_DC/DC _ T.N.T_/07 Can I Sit Next To You Girl.mp3 file mismatch:
ERROR Rec /DWH/MP3.dlist/AC_DC/DC _ T.N.T_/08 High Voltage.mp3 file mismatch:
ERROR Rec /DWH/MP3.dlist/AC_DC/DC _ T.N.T_/09 School Days.mp3 file mismatch:
ERROR Rec /DWH/MP3.dlist/AC_DC/DC _ T.N.T_/04 Live Wire.mp3 file mismatch:
ERROR Rec /DWH/MP3.dlist/AC_DC/DC _ T.N.T_/02 Rock 'N' Roll Singer.mp3 file mismatch:
ERROR Rec /DWH/MP3.dlist/AC_DC/DC _ T.N.T_/06 Rocker.mp3 file mismatch:
ERROR Rec /DWH/MP3.dlist/AC_DC/DC _ T.N.T_/03 The Jack.mp3 file mismatch:
ERROR Rec /DWH/MP3.dlist/AC_DC/DC _ T.N.T_/01 It's A Long Way To The Top (If Yo.mp3 file mismatch:
ERROR Rec /DWH/MP3.dlist/AC_DC/DC _ T.N.T_/05 T.N.T..mp3 file mismatch:
ERROR Rec /DWH/MP3.dlist/AC_DC/DC _ Who Made Who/09 For Those About To Rock (We Salut.mp3 file mismatch:
ERROR Rec /DWH/MP3.dlist/AC_DC/DC _ Who Made Who/08 Chase The Ace.mp3 file mismatch:
ERROR Rec /DWH/MP3.dlist/AC_DC/DC _ Who Made Who/02 You Shook Me All Night Long.mp3 file mismatch:
ERROR Rec /DWH/MP3.dlist/AC_DC/DC _ Who Made Who/06 Hells Bells.mp3 file mismatch:
ERROR Rec /DWH/MP3.dlist/AC_DC/DC _ Who Made Who/04 Sink The Pink.mp3 file mismatch:
ERROR Rec /DWH/MP3.dlist/AC_DC/DC _ Who Made Who/07 Shake Your Foundations.mp3 file mismatch:
ERROR Rec /DWH/MP3.dlist/AC_DC/DC _ Who Made Who/03 D.T..mp3 file mismatch:
ERROR Rec /DWH/MP3.dlist/AC_DC/DC _ Who Made Who/01 Who Made Who.mp3 file mismatch:
ERROR Rec /DWH/MP3.dlist/AC_DC/DC _ Who Made Who/05 Ride On.mp3 file mismatch:
ERROR Rec /DWH/MP3.dlist/AC_DC/Bon, Please Don't Go/07 Soul Stripper.mp3 file mismatch:
ERROR Rec /DWH/MP3.dlist/AC_DC/Bon, Please Don't Go/04 Bad Boy Boogie.mp3 file mismatch:
ERROR Rec /DWH/MP3.dlist/AC_DC/Bon, Please Don't Go/06 It's A Long Way To The Top (If Ya.mp3 file mismatch:
ERROR Rec /DWH/MP3.dlist/AC_DC/Bon, Please Don't Go/02 Problem Child.mp3 file mismatch:
ERROR Rec /DWH/MP3.dlist/AC_DC/Bon, Please Don't Go/01 Live Wire.mp3 file mismatch:
ERROR Rec /DWH/MP3.dlist/AC_DC/Bon, Please Don't Go/08 Baby Please Don't Go.mp3 file mismatch:
ERROR Rec /DWH/MP3.dlist/AC_DC/Bon, Please Don't Go/05 Rock And Roll Damnation.mp3 file mismatch:
ERROR Rec /DWH/MP3.dlist/AC_DC/Bon, Please Don't Go/03 Gone Shootin'.mp3 file mismatch:
ERROR Rec /DWH/MP3.dlist/AC_DC/High Voltage/07 Little Lover.mp3 file mismatch:
ERROR Rec /DWH/MP3.dlist/AC_DC/High Voltage/06 Can I Sit Next To You Girl.mp3 file mismatch:
ERROR Rec /DWH/MP3.dlist/AC_DC/High Voltage/08 She's Got Balls.mp3 file mismatch:
ERROR Rec /DWH/MP3.dlist/AC_DC/High Voltage/04 Live Wire.mp3 file mismatch:
ERROR Rec /DWH/MP3.dlist/AC_DC/High Voltage/02 Rock 'N' Roll Singer.mp3 file mismatch:
ERROR Rec /DWH/MP3.dlist/AC_DC/High Voltage/03 The Jack.mp3 file mismatch:
ERROR Rec /DWH/MP3.dlist/AC_DC/High Voltage/09 High Voltage.mp3 file mismatch:
ERROR Rec /DWH/MP3.dlist/AC_DC/High Voltage/01 It's A Long Way To The Top (If Yo.mp3 file mismatch:
ERROR Rec /DWH/MP3.dlist/AC_DC/High Voltage/05 T.N.T..mp3 file mismatch:
ERROR Rec /DWH/MP3.dlist/AC_DC/Stiff Upper Lip/12 Give It Up.mp3 file mismatch:
ERROR Rec /DWH/MP3.dlist/AC_DC/Stiff Upper Lip/11 All Screwed Up.mp3 file mismatch:
ERROR Rec /DWH/MP3.dlist/AC_DC/Stiff Upper Lip/10 Come And Get It.mp3 file mismatch:
ERROR Rec /DWH/MP3.dlist/AC_DC/Stiff Upper Lip/05 Safe In New York City.mp3 file mismatch:
ERROR Rec /DWH/MP3.dlist/AC_DC/Stiff Upper Lip/02 Meltdown.mp3 file mismatch:
ERROR Rec /DWH/MP3.dlist/AC_DC/Stiff Upper Lip/04 Hold Me Back.mp3 file mismatch:
ERROR Rec /DWH/MP3.dlist/AC_DC/Stiff Upper Lip/08 Satellite Blues.mp3 file mismatch:
ERROR Rec /DWH/MP3.dlist/AC_DC/Stiff Upper Lip/01 Stiff Upper Lip.mp3 file mismatch:
ERROR Rec /DWH/MP3.dlist/AC_DC/Stiff Upper Lip/09 Damned.mp3 file mismatch:
ERROR Rec /DWH/MP3.dlist/AC_DC/Stiff Upper Lip/03 House Of Jazz.mp3 file mismatch:
ERROR Rec /DWH/MP3.dlist/AC_DC/Stiff Upper Lip/06 Can't Stand Still.mp3 file mismatch:
ERROR Rec /DWH/MP3.dlist/AC_DC/Stiff Upper Lip/07 Can't Stop Rock 'N' Roll.mp3 file mismatch:
ERROR Rec /DWH/MP3.dlist/AC_DC/Highway To Hell/04 Touch Too Much.mp3 file mismatch:
ERROR Rec /DWH/MP3.dlist/AC_DC/Highway To Hell/05 Beating Around The Bush.mp3 file mismatch:
ERROR Rec /DWH/MP3.dlist/AC_DC/Highway To Hell/10 Night Prowler.mp3 file mismatch:
ERROR Rec /DWH/MP3.dlist/AC_DC/Highway To Hell/06 Shot Down In Flames.mp3 file mismatch:
ERROR Rec /DWH/MP3.dlist/AC_DC/Highway To Hell/02 Girls Got Rhythm.mp3 file mismatch:
ERROR Rec /DWH/MP3.dlist/AC_DC/Highway To Hell/07 Get It Hot.mp3 file mismatch:
ERROR Rec /DWH/MP3.dlist/AC_DC/Highway To Hell/03 Walk All Over You.mp3 file mismatch:
ERROR Rec /DWH/MP3.dlist/AC_DC/Highway To Hell/08 If You Want Blood (You've Got It).mp3 file mismatch:
ERROR Rec /DWH/MP3.dlist/AC_DC/Highway To Hell/01 Highway To Hell.mp3 file mismatch:
ERROR Rec /DWH/MP3.dlist/AC_DC/Highway To Hell/09 Love Hungry Man.mp3 file mismatch:
ERROR Rec /DWH/MP3.dlist/AC_DC/Volts/06 Sin City.mp3 file mismatch:
ERROR Rec /DWH/MP3.dlist/AC_DC/Volts/04 Back Seat Confidential.mp3 file mismatch:
ERROR Rec /DWH/MP3.dlist/AC_DC/Volts/08 School Days.mp3 file mismatch:
ERROR Rec /DWH/MP3.dlist/AC_DC/Volts/09 It's A Long Way To The Top If You.mp3 file mismatch:
ERROR Rec /DWH/MP3.dlist/AC_DC/Volts/03 If You Want Blood You Got It.mp3 file mismatch:
ERROR Rec /DWH/MP3.dlist/AC_DC/Volts/01 Dirty Eyes.mp3 file mismatch:
ERROR Rec /DWH/MP3.dlist/AC_DC/Volts/10 Ride On.mp3 file mismatch:
ERROR Rec /DWH/MP3.dlist/AC_DC/Volts/07 She's Got Balls.mp3 file mismatch:
ERROR Rec /DWH/MP3.dlist/AC_DC/Volts/02 Touch Too Much.mp3 file mismatch:
ERROR Rec /DWH/MP3.dlist/AC_DC/Volts/05 Get It Hot.mp3 file mismatch:
ERROR Rec /DWH/MP3.dlist/AC_DC/If You Want Blood You've Got It/01 Riff Raff.mp3 file mismatch:
ERROR Rec /DWH/MP3.dlist/AC_DC/If You Want Blood You've Got It/05 Problem Child.mp3 file mismatch:
ERROR Rec /DWH/MP3.dlist/AC_DC/If You Want Blood You've Got It/09 Let There Be Rock.mp3 file mismatch:
ERROR Rec /DWH/MP3.dlist/AC_DC/If You Want Blood You've Got It/08 High Voltage.mp3 file mismatch:
ERROR Rec /DWH/MP3.dlist/AC_DC/If You Want Blood You've Got It/06 Whole Lotta Rosie.mp3 file mismatch:
ERROR Rec /DWH/MP3.dlist/AC_DC/If You Want Blood You've Got It/04 The Jack.mp3 file mismatch:
ERROR Rec /DWH/MP3.dlist/AC_DC/If You Want Blood You've Got It/10 Rocker.mp3 file mismatch:
ERROR Rec /DWH/MP3.dlist/AC_DC/If You Want Blood You've Got It/03 Bad Boy Boogie.mp3 file mismatch:
ERROR Rec /DWH/MP3.dlist/AC_DC/If You Want Blood You've Got It/02 Hell Ain't A Bad Place To Be.mp3 file mismatch:
ERROR Rec /DWH/MP3.dlist/AC_DC/If You Want Blood You've Got It/07 Rock 'n' Roll Damnation.mp3 file mismatch:
ERROR Rec /DWH/MP3.dlist/AC_DC/Let There Be Rock/05 Problem Child.mp3 file mismatch:
ERROR Rec /DWH/MP3.dlist/AC_DC/Let There Be Rock/06 Overdose.mp3 file mismatch:
ERROR Rec /DWH/MP3.dlist/AC_DC/Let There Be Rock/04 Bad Boy Boogie.mp3 file mismatch:
ERROR Rec /DWH/MP3.dlist/AC_DC/Let There Be Rock/08 Whole Lotta Rosie.mp3 file mismatch:
ERROR Rec /DWH/MP3.dlist/AC_DC/Let There Be Rock/02 Dog Eat Dog.mp3 file mismatch:
ERROR Rec /DWH/MP3.dlist/AC_DC/Let There Be Rock/03 Let There Be Rock.mp3 file mismatch:
ERROR Rec /DWH/MP3.dlist/AC_DC/Let There Be Rock/01 Go Down.mp3 file mismatch:
ERROR Rec /DWH/MP3.dlist/AC_DC/Let There Be Rock/07 Hell Ain't Bad Place To Be.mp3 file mismatch:
ERROR: Rec /DWH/MP3.dlist/Wu Tang Clan/The W/01 Intro (Shaolin Finger Jab)   C.mp3 has no file..
ERROR: Rec /DWH/MP3.dlist/The Crystal Method/Community service 2/09 Koma   Bones-Speedfreak.mp3 has no file..
ERROR: Rec /DWH/MP3/r/Radiohead/The Best Of/1-13 2 2 = 5.mp3 has no file..
ERROR: Rec /DWH/MP3/r/Radiohead/Hail to the Thief/01 2 2=5.mp3 has no file..
ERROR: Rec /DWH/MP3/r/Recoil/Hydrology And 1   2/02 Stone.mp3 has no file..
ERROR: Rec /DWH/MP3/r/Recoil/Hydrology And 1   2/05 2.mp3 has no file..
ERROR: Rec /DWH/MP3/r/Recoil/Hydrology And 1   2/03 The Sermon.mp3 has no file..
ERROR: Rec /DWH/MP3/r/Recoil/Hydrology And 1   2/04 1.mp3 has no file..
ERROR: Rec /DWH/MP3/r/Recoil/Hydrology And 1   2/01 Grain.mp3 has no file..
ERROR: Rec /DWH/MP3/e/Eminem/Eminem (2009) - Relapse-Refill   Bonus/Relapse-Refill/104-Insane.mp3 has no file..
ERROR: Rec /DWH/MP3/e/Eminem/Eminem (2009) - Relapse-Refill   Bonus/Relapse-Refill/113-Old Time Sake (Feat. Dr. Dre).mp3 has no file..
ERROR: Rec /DWH/MP3/e/Eminem/Eminem (2009) - Relapse-Refill   Bonus/Relapse-Refill/107-Tonya (Skit).mp3 has no file..
ERROR: Rec /DWH/MP3/e/Eminem/Eminem (2009) - Relapse-Refill   Bonus/Relapse-Refill/105-Bagpipes From Baghdad.mp3 has no file..
ERROR: Rec /DWH/MP3/e/Eminem/Eminem (2009) - Relapse-Refill   Bonus/Relapse-Refill/120-Underground-Ken Kaniff.mp3 has no file..
ERROR: Rec /DWH/MP3/e/Eminem/Eminem (2009) - Relapse-Refill   Bonus/Relapse-Refill/101-Dr. West.mp3 has no file..
ERROR: Rec /DWH/MP3/e/Eminem/Eminem (2009) - Relapse-Refill   Bonus/Relapse-Refill/115-Mr. Mathers.mp3 has no file..
ERROR: Rec /DWH/MP3/e/Eminem/Eminem (2009) - Relapse-Refill   Bonus/Relapse-Refill/111-Paul (Skit).mp3 has no file..
ERROR: Rec /DWH/MP3/e/Eminem/Eminem (2009) - Relapse-Refill   Bonus/Relapse-Refill/112-Stay Wide Awake.mp3 has no file..
ERROR: Rec /DWH/MP3/e/Eminem/Eminem (2009) - Relapse-Refill   Bonus/Relapse-Refill/106-Hello.mp3 has no file..
ERROR: Rec /DWH/MP3/e/Eminem/Eminem (2009) - Relapse-Refill   Bonus/Relapse-Refill/108-Same Song & Dance.mp3 has no file..
ERROR: Rec /DWH/MP3/e/Eminem/Eminem (2009) - Relapse-Refill   Bonus/Relapse-Refill/116-Deja Vu.mp3 has no file..
ERROR: Rec /DWH/MP3/e/Eminem/Eminem (2009) - Relapse-Refill   Bonus/Relapse-Refill/103-My Mom.mp3 has no file..
ERROR: Rec /DWH/MP3/e/Eminem/Eminem (2009) - Relapse-Refill   Bonus/Relapse-Refill/114-Must Be The Ganja.mp3 has no file..
ERROR: Rec /DWH/MP3/e/Eminem/Eminem (2009) - Relapse-Refill   Bonus/Relapse-Refill/109-We Made You.mp3 has no file..
ERROR: Rec /DWH/MP3/e/Eminem/Eminem (2009) - Relapse-Refill   Bonus/Relapse-Refill/118-Crack A Bottle (Feat. Dr. Dre & 50 Cent.mp3 has no file..
ERROR: Rec /DWH/MP3/e/Eminem/Eminem (2009) - Relapse-Refill   Bonus/Relapse-Refill/119-Steve Berman (Skit).mp3 has no file..
ERROR: Rec /DWH/MP3/e/Eminem/Eminem (2009) - Relapse-Refill   Bonus/Relapse-Refill/102-3am.mp3 has no file..
ERROR: Rec /DWH/MP3/e/Eminem/Eminem (2009) - Relapse-Refill   Bonus/Relapse-Refill/117-Beautiful.mp3 has no file..
ERROR: Rec /DWH/MP3/e/Eminem/Eminem (2009) - Relapse-Refill   Bonus/Relapse-Refill/110-Medicine.mp3 has no file..
ERROR: Rec /DWH/MP3/e/Eminem/Eminem (2009) - Relapse-Refill   Bonus/Bonus/201-My Darling.mp3 has no file..
ERROR: Rec /DWH/MP3/e/Eminem/Eminem (2009) - Relapse-Refill   Bonus/Bonus/208-Music Box.mp3 has no file..
ERROR: Rec /DWH/MP3/e/Eminem/Eminem (2009) - Relapse-Refill   Bonus/Bonus/209-Drop The Bomb On Em.mp3 has no file..
ERROR: Rec /DWH/MP3/e/Eminem/Eminem (2009) - Relapse-Refill   Bonus/Bonus/203-Forever.mp3 has no file..
ERROR: Rec /DWH/MP3/e/Eminem/Eminem (2009) - Relapse-Refill   Bonus/Bonus/206-Elevator.mp3 has no file..
ERROR: Rec /DWH/MP3/e/Eminem/Eminem (2009) - Relapse-Refill   Bonus/Bonus/204-Hell Breaks Loose.mp3 has no file..
ERROR: Rec /DWH/MP3/e/Eminem/Eminem (2009) - Relapse-Refill   Bonus/Bonus/202-Careful What You Wish For.mp3 has no file..
ERROR: Rec /DWH/MP3/e/Eminem/Eminem (2009) - Relapse-Refill   Bonus/Bonus/207-Taking My Ball.mp3 has no file..
ERROR: Rec /DWH/MP3/e/Eminem/Eminem (2009) - Relapse-Refill   Bonus/Bonus/205-Buffalo Bill.mp3 has no file..
ERROR: Rec /DWH/MP3/f/Flyleaf/[2002] Broken Wings   Passerby [EP]/03 - Ocean Waves.mp3 has no file..
ERROR: Rec /DWH/MP3/f/Flyleaf/[2002] Broken Wings   Passerby [EP]/01 - Broken Wings.mp3 has no file..
ERROR: Rec /DWH/MP3/f/Flyleaf/[2002] Broken Wings   Passerby [EP]/04 - So I Thought.mp3 has no file..
ERROR: Rec /DWH/MP3/f/Flyleaf/[2002] Broken Wings   Passerby [EP]/02 - Cassie.mp3 has no file..
ERROR: Rec /DWH/MP3/f/Florence And The Machine/MTV Presents Unplugged- Florence   the Machine (Live)/15 - Shake It Out (The Weeknd Remix).mp3 has no file..
ERROR: Rec /DWH/MP3/f/Florence And The Machine/MTV Presents Unplugged- Florence   the Machine (Live)/14 - Shake It Out (Acoustic).mp3 has no file..
ERROR: Rec /DWH/MP3/f/Florence And The Machine/MTV Presents Unplugged- Florence   the Machine (Live)/04 - Breaking Down (Live) [MTV Unplugged, 2012].mp3 has no file..
ERROR: Rec /DWH/MP3/f/Florence And The Machine/MTV Presents Unplugged- Florence   the Machine (Live)/06 - Try a Little Tenderness (MTV Unplugged, 2012).mp3 has no file..
ERROR: Rec /DWH/MP3/f/Florence And The Machine/MTV Presents Unplugged- Florence   the Machine (Live)/08 - Jackson (feat. Josh Homme) [Live] [MTV Unplugged, 2012].mp3 has no file..
ERROR: Rec /DWH/MP3/f/Florence And The Machine/MTV Presents Unplugged- Florence   the Machine (Live)/09 - What the Water Gave Me (Live) [MTV Unplugged, 2012].mp3 has no file..
ERROR: Rec /DWH/MP3/f/Florence And The Machine/MTV Presents Unplugged- Florence   the Machine (Live)/03 - Cosmic Love (Live) [MTV Unplugged, 2012].mp3 has no file..
ERROR: Rec /DWH/MP3/f/Florence And The Machine/MTV Presents Unplugged- Florence   the Machine (Live)/02 - Drumming Song (Live) [MTV Unplugged, 2012].mp3 has no file..
ERROR: Rec /DWH/MP3/f/Florence And The Machine/MTV Presents Unplugged- Florence   the Machine (Live)/01 - Only If for a Night (Live) [MTV Unplugged, 2012].mp3 has no file..
ERROR: Rec /DWH/MP3/f/Florence And The Machine/MTV Presents Unplugged- Florence   the Machine (Live)/13 - Heartlines (Acoustic).mp3 has no file..
ERROR: Rec /DWH/MP3/f/Florence And The Machine/MTV Presents Unplugged- Florence   the Machine (Live)/11 - Shake It Out (Live) [MTV Unplugged, 2012].mp3 has no file..
ERROR: Rec /DWH/MP3/f/Florence And The Machine/MTV Presents Unplugged- Florence   the Machine (Live)/07 - No Light, No Light (Live) [MTV Unplugged, 2012].mp3 has no file..
ERROR: Rec /DWH/MP3/f/Florence And The Machine/MTV Presents Unplugged- Florence   the Machine (Live)/10 - Dog Days Are Over (Live) [MTV Unplugged, 2012].mp3 has no file..
ERROR: Rec /DWH/MP3/f/Florence And The Machine/MTV Presents Unplugged- Florence   the Machine (Live)/12 - Landscape (Demo).mp3 has no file..
ERROR: Rec /DWH/MP3/f/Florence And The Machine/MTV Presents Unplugged- Florence   the Machine (Live)/05 - Never Let Me Go (Live) [MTV Unplugged, 2012].mp3 has no file..
ERROR: Rec /DWH/MP3/f/From Autumn To Ashes/Abandon Your Friends/Jack   Ginger.mp3 has no file..
ERROR: Rec /DWH/MP3/c/Christina Perri/Lovestrong [Deluxe Edition]/14 Black   Blue (Bonus Track).mp3 has no file..
ERROR: Rec /DWH/MP3/c/C   C Music Factory/gonna make you sweat/01 Gonna Make You Sweat (Everybody D.mp3 has no file..
ERROR: Rec /DWH/MP3/b/blink-182/Cheshire Cat/02 M M's.mp3 has no file..
ERROR: Rec /DWH/MP3/b/Black Label Society/Alcohol Fueled Brewtality Live   5/05 The Beginning... At Last.mp3 has no file..
ERROR: Rec /DWH/MP3/b/Black Label Society/Alcohol Fueled Brewtality Live   5/08 Bored to Tears.mp3 has no file..
ERROR: Rec /DWH/MP3/b/Black Label Society/Alcohol Fueled Brewtality Live   5/03 Like a Bird.mp3 has no file..
ERROR: Rec /DWH/MP3/b/Black Label Society/Alcohol Fueled Brewtality Live   5/11 World of Trouble.mp3 has no file..
ERROR: Rec /DWH/MP3/b/Black Label Society/Alcohol Fueled Brewtality Live   5/02 13 Years Of Grief.mp3 has no file..
ERROR: Rec /DWH/MP3/b/Black Label Society/Alcohol Fueled Brewtality Live   5/13 The Begining... At Last.mp3 has no file..
ERROR: Rec /DWH/MP3/b/Black Label Society/Alcohol Fueled Brewtality Live   5/09 A.N.D.R.O.T.A.Z.mp3 has no file..
ERROR: Rec /DWH/MP3/b/Black Label Society/Alcohol Fueled Brewtality Live   5/10 Born to Booze.mp3 has no file..
ERROR: Rec /DWH/MP3/b/Black Label Society/Alcohol Fueled Brewtality Live   5/04 Blood in the Wall.mp3 has no file..
ERROR: Rec /DWH/MP3/b/Black Label Society/Alcohol Fueled Brewtality Live   5/01 Intro-Low Down.mp3 has no file..
ERROR: Rec /DWH/MP3/b/Black Label Society/Alcohol Fueled Brewtality Live   5/01 Heart of Gold.mp3 has no file..
ERROR: Rec /DWH/MP3/b/Black Label Society/Alcohol Fueled Brewtality Live   5/05 Super Terrorizer.mp3 has no file..
ERROR: Rec /DWH/MP3/b/Black Label Society/Alcohol Fueled Brewtality Live   5/12 No More Tears.mp3 has no file..
ERROR: Rec /DWH/MP3/b/Black Label Society/Alcohol Fueled Brewtality Live   5/03 Stronger Than Death.mp3 has no file..
ERROR: Rec /DWH/MP3/b/Black Label Society/Alcohol Fueled Brewtality Live   5/06 Phoney Smiles and Fake Hellos.mp3 has no file..
ERROR: Rec /DWH/MP3/b/Black Label Society/Alcohol Fueled Brewtality Live   5/04 All For You.mp3 has no file..
ERROR: Rec /DWH/MP3/b/Black Label Society/Alcohol Fueled Brewtality Live   5/02 Snowblind.mp3 has no file..
ERROR: Rec /DWH/MP3/b/Black Label Society/Alcohol Fueled Brewtality Live   5/07 Lost My Better Half.mp3 has no file..
ERROR: Rec /DWH/MP3/k/Korn/Take A Look In The Mirror/13 When Will This End   One (Live.mp3 has no file..
ERROR: Rec /DWH/MP3/s/Smashing Pumpkins/Adore/08 Appels   Oranjes.mp3 has no file..
ERROR: Rec /DWH/MP3/s/Smashing Pumpkins/MACHINA_The Machines of God/Raindrops   Sunshowers.mp3 has no file..
ERROR: Rec /DWH/MP3/i/INXS/Listen Like Thieves/05 Good   Bad Times.mp3 has no file..
ERROR: Rec /DWH/MP3/0-9/30 Seconds to Mars/30 Seconds To Mars - Love Lust Faith   Dreams 2013 Rock 320kbps CBR MP3 [VX]/05 Thirty Seconds to Mars - The Race.mp3 has no file..
ERROR: Rec /DWH/MP3/0-9/30 Seconds to Mars/30 Seconds To Mars - Love Lust Faith   Dreams 2013 Rock 320kbps CBR MP3 [VX]/10 Thirty Seconds to Mars - Convergence.mp3 has no file..
ERROR: Rec /DWH/MP3/0-9/30 Seconds to Mars/30 Seconds To Mars - Love Lust Faith   Dreams 2013 Rock 320kbps CBR MP3 [VX]/08 Thirty Seconds to Mars - Bright Lights.mp3 has no file..
ERROR: Rec /DWH/MP3/0-9/30 Seconds to Mars/30 Seconds To Mars - Love Lust Faith   Dreams 2013 Rock 320kbps CBR MP3 [VX]/11 Thirty Seconds to Mars - Northern Lights.mp3 has no file..
ERROR: Rec /DWH/MP3/0-9/30 Seconds to Mars/30 Seconds To Mars - Love Lust Faith   Dreams 2013 Rock 320kbps CBR MP3 [VX]/03 Thirty Seconds to Mars - Up In The Air.mp3 has no file..
ERROR: Rec /DWH/MP3/0-9/30 Seconds to Mars/30 Seconds To Mars - Love Lust Faith   Dreams 2013 Rock 320kbps CBR MP3 [VX]/04 Thirty Seconds to Mars - City of Angels.mp3 has no file..
ERROR: Rec /DWH/MP3/0-9/30 Seconds to Mars/30 Seconds To Mars - Love Lust Faith   Dreams 2013 Rock 320kbps CBR MP3 [VX]/07 Thirty Seconds to Mars - Pires of Varanasi.mp3 has no file..
ERROR: Rec /DWH/MP3/0-9/30 Seconds to Mars/30 Seconds To Mars - Love Lust Faith   Dreams 2013 Rock 320kbps CBR MP3 [VX]/12 Thirty Seconds to Mars - Depuis le Début.mp3 has no file..
ERROR: Rec /DWH/MP3/0-9/30 Seconds to Mars/30 Seconds To Mars - Love Lust Faith   Dreams 2013 Rock 320kbps CBR MP3 [VX]/06 Thirty Seconds to Mars - End of All Days.mp3 has no file..
ERROR: Rec /DWH/MP3/0-9/30 Seconds to Mars/30 Seconds To Mars - Love Lust Faith   Dreams 2013 Rock 320kbps CBR MP3 [VX]/01 Thirty Seconds to Mars - Birth.mp3 has no file..
ERROR: Rec /DWH/MP3/0-9/30 Seconds to Mars/30 Seconds To Mars - Love Lust Faith   Dreams 2013 Rock 320kbps CBR MP3 [VX]/02 Thirty Seconds to Mars - Conquistador.mp3 has no file..
ERROR: Rec /DWH/MP3/0-9/30 Seconds to Mars/30 Seconds To Mars - Love Lust Faith   Dreams 2013 Rock 320kbps CBR MP3 [VX]/09 Thirty Seconds to Mars - Do or Die.mp3 has no file..
